d:\lab_dh\2016봄\project1_collisionprobability - final2\project1_collisionprobability - final2\debug\vc140.pdb
d:\lab_dh\2016봄\project1_collisionprobability - final2\project1_collisionprobability - final2\debug\vc140.idb
d:\lab_dh\2016봄\project1_collisionprobability - final2\project1_collisionprobability - final2\debug\collisoinprobability.obj
d:\lab_dh\2016봄\project1_collisionprobability - final2\project1_collisionprobability - final2\debug\main.obj
d:\lab_dh\2016봄\project1_collisionprobability - final2\project1_collisionprobability - final2\debug\matrix.obj
d:\lab_dh\2016봄\project1_collisionprobability - final3\project1_collisionprobability - final2\debug\vc140.pdb
d:\lab_dh\2016봄\project1_collisionprobability - final3\project1_collisionprobability - final2\debug\vc140.idb
d:\lab_dh\2016봄\project1_collisionprobability - final3\project1_collisionprobability - final2\debug\matrix.obj
d:\lab_dh\2016봄\project1_collisionprobability - final3\project1_collisionprobability - final2\debug\collisoinprobability.obj
d:\lab_dh\2016봄\project1_collisionprobability - final3\project1_collisionprobability - final2\debug\main.obj
d:\lab_dh\2016봄\project1_collisionprobability - final4_linearsolver빠꿀버전\project1_collisionprobability - final2\debug\vc140.pdb
d:\lab_dh\2016봄\project1_collisionprobability - final4_linearsolver빠꿀버전\project1_collisionprobability - final2\debug\vc140.idb
d:\lab_dh\2016봄\project1_collisionprobability - final4_linearsolver빠꿀버전\project1_collisionprobability - final2\debug\main.obj
d:\lab_dh\2016봄\project1_collisionprobability - final4_linearsolver빠꿀버전\project1_collisionprobability - final2\debug\matrix.obj
d:\lab_dh\2016봄\project1_collisionprobability - final4_linearsolver빠꿀버전\project1_collisionprobability - final2\debug\collisoinprobability.obj
d:\lab_dh\2016봄\project1_collisionprobability - final5\project1_collisionprobability - final2\debug\vc140.pdb
d:\lab_dh\2016봄\project1_collisionprobability - final5\project1_collisionprobability - final2\debug\vc140.idb
d:\lab_dh\2016봄\project1_collisionprobability - final5\project1_collisionprobability - final2\debug\collisoinprobability.obj
d:\lab_dh\2016봄\project1_collisionprobability - final5\project1_collisionprobability - final2\debug\main.obj
d:\lab_dh\2016봄\project1_collisionprobability - final5\project1_collisionprobability - final2\debug\matrix.obj
d:\lab_dh\2016봄\project1_collisionprobability - final2\debug\project1_collisionprobability - final2.ilk
d:\lab_dh\2016봄\project1_collisionprobability - final2\debug\project1_collisionprobability - final2.exe
d:\lab_dh\2016봄\project1_collisionprobability - final2\debug\project1_collisionprobability - final2.pdb
d:\lab_dh\2016봄\project1_collisionprobability - final3\debug\project1_collisionprobability - final2.ilk
d:\lab_dh\2016봄\project1_collisionprobability - final3\debug\project1_collisionprobability - final2.exe
d:\lab_dh\2016봄\project1_collisionprobability - final3\debug\project1_collisionprobability - final2.pdb
d:\lab_dh\2016봄\project1_collisionprobability - final5\debug\project1_collisionprobability - final2.ilk
d:\lab_dh\2016봄\project1_collisionprobability - final5\debug\project1_collisionprobability - final2.exe
d:\lab_dh\2016봄\project1_collisionprobability - final5\debug\project1_collisionprobability - final2.pdb
d:\lab_dh\2016봄\project1_collisionprobability - final5\project1_collisionprobability - final2\debug\project1.4c35df06.tlog\cl.command.1.tlog
d:\lab_dh\2016봄\project1_collisionprobability - final5\project1_collisionprobability - final2\debug\project1.4c35df06.tlog\cl.read.1.tlog
d:\lab_dh\2016봄\project1_collisionprobability - final5\project1_collisionprobability - final2\debug\project1.4c35df06.tlog\cl.write.1.tlog
d:\lab_dh\2016봄\project1_collisionprobability - final5\project1_collisionprobability - final2\debug\project1.4c35df06.tlog\link.command.1.tlog
d:\lab_dh\2016봄\project1_collisionprobability - final5\project1_collisionprobability - final2\debug\project1.4c35df06.tlog\link.read.1.tlog
d:\lab_dh\2016봄\project1_collisionprobability - final5\project1_collisionprobability - final2\debug\project1.4c35df06.tlog\link.write.1.tlog
